---------------------------------------------------------------
[ 2019-09-01T13:25:18+08:00 ] 47.101.203.232 GET /
[ info ] 47.100.102.83:4900/ [运行时间：0.077974s][吞吐率：12.82req/s] [内存消耗：1,597.28kb] [文件加载：63]
[ info ] [ LANG ] C:\wwwroot\gec.com\thinkphp\lang\zh-cn.php
[ info ] [ ROUTE ] array (
  'rule' => '',
  'route' => 'index/index',
  'option' => 
  array (
    'merge_rule_regex' => false,
  ),
  'var' => 
  array (
  ),
)
[ info ] [ HEADER ] array (
  'accept-encoding' => 'gzip',
  'connection' => 'close',
  'host' => '47.100.102.83:4900',
  'user-agent' => 'Mozilla/5.0 (X11; Ubuntu; Linux x86_64; rv:36.0) Gecko/20100101 Firefox/36.0',
)
[ info ] [ PARAM ] array (
)
[ info ] [ SESSION ] INIT array (
  'id' => '',
  'var_session_id' => '',
  'prefix' => 'think',
  'type' => '',
  'auto_start' => true,
  'httponly' => true,
  'secure' => false,
  'expire' => 86400,
)
[ info ] [ LOG ] INIT File
---------------------------------------------------------------
[ 2019-09-01T13:25:18+08:00 ] 47.101.203.232 GET /account.html
[ info ] 47.100.102.83:4900/account.html [运行时间：0.032167s][吞吐率：31.09req/s] [内存消耗：1,841.13kb] [文件加载：60]
[ info ] [ LANG ] C:\wwwroot\gec.com\thinkphp\lang\zh-cn.php
[ info ] [ ROUTE ] array (
  'rule' => 'account',
  'route' => 'account/index',
  'option' => 
  array (
    'merge_rule_regex' => false,
    'complete_match' => true,
  ),
  'var' => 
  array (
  ),
)
[ info ] [ HEADER ] array (
  'accept-encoding' => 'gzip',
  'connection' => 'close',
  'host' => '47.100.102.83:4900',
  'user-agent' => 'Mozilla/5.0 (X11; Ubuntu; Linux x86_64; rv:36.0) Gecko/20100101 Firefox/36.0',
)
[ info ] [ PARAM ] array (
)
[ info ] [ SESSION ] INIT array (
  'id' => '',
  'var_session_id' => '',
  'prefix' => 'think',
  'type' => '',
  'auto_start' => true,
  'httponly' => true,
  'secure' => false,
  'expire' => 86400,
)
[ info ] [ LOG ] INIT File
---------------------------------------------------------------
[ 2019-09-01T13:25:18+08:00 ] 47.101.203.232 GET /signin.html?from=http%3A%2F%2F47.100.102.83%3A4900%2Faccount.html
[ info ] 47.100.102.83:4900/signin.html?from=http%3A%2F%2F47.100.102.83%3A4900%2Faccount.html [运行时间：0.035144s][吞吐率：28.45req/s] [内存消耗：1,904.64kb] [文件加载：63]
[ info ] [ LANG ] C:\wwwroot\gec.com\thinkphp\lang\zh-cn.php
[ info ] [ ROUTE ] array (
  'rule' => 'signin',
  'route' => 'account/signin',
  'option' => 
  array (
    'merge_rule_regex' => false,
    'method' => 'get|post',
  ),
  'var' => 
  array (
  ),
)
[ info ] [ HEADER ] array (
  'accept-encoding' => 'gzip',
  'connection' => 'close',
  'host' => '47.100.102.83:4900',
  'user-agent' => 'Mozilla/5.0 (X11; Ubuntu; Linux x86_64; rv:36.0) Gecko/20100101 Firefox/36.0',
)
[ info ] [ PARAM ] array (
  'from' => 'http://47.100.102.83:4900/account.html',
)
[ info ] [ SESSION ] INIT array (
  'id' => '',
  'var_session_id' => '',
  'prefix' => 'think',
  'type' => '',
  'auto_start' => true,
  'httponly' => true,
  'secure' => false,
  'expire' => 86400,
)
[ info ] [ VIEW ] C:\wwwroot\gec.com\application\index\view\account\signin.html [ array (
  0 => 'platform',
  1 => 'appurl',
) ]
[ info ] [ LOG ] INIT File
---------------------------------------------------------------
[ 2019-09-01T13:25:19+08:00 ] 47.101.203.232 GET /account.html
[ info ] 47.100.102.83:4900/account.html [运行时间：0.030880s][吞吐率：32.38req/s] [内存消耗：1,841.13kb] [文件加载：60]
[ info ] [ LANG ] C:\wwwroot\gec.com\thinkphp\lang\zh-cn.php
[ info ] [ ROUTE ] array (
  'rule' => 'account',
  'route' => 'account/index',
  'option' => 
  array (
    'merge_rule_regex' => false,
    'complete_match' => true,
  ),
  'var' => 
  array (
  ),
)
[ info ] [ HEADER ] array (
  'accept-encoding' => 'gzip',
  'connection' => 'close',
  'host' => '47.100.102.83:4900',
  'user-agent' => 'Mozilla/5.0 (X11; Ubuntu; Linux x86_64; rv:36.0) Gecko/20100101 Firefox/36.0',
)
[ info ] [ PARAM ] array (
)
[ info ] [ SESSION ] INIT array (
  'id' => '',
  'var_session_id' => '',
  'prefix' => 'think',
  'type' => '',
  'auto_start' => true,
  'httponly' => true,
  'secure' => false,
  'expire' => 86400,
)
[ info ] [ LOG ] INIT File
---------------------------------------------------------------
[ 2019-09-01T13:25:19+08:00 ] 47.101.203.232 GET /signin.html?from=http%3A%2F%2F47.100.102.83%3A4900%2Faccount.html
[ info ] 47.100.102.83:4900/signin.html?from=http%3A%2F%2F47.100.102.83%3A4900%2Faccount.html [运行时间：0.032020s][吞吐率：31.23req/s] [内存消耗：1,904.64kb] [文件加载：63]
[ info ] [ LANG ] C:\wwwroot\gec.com\thinkphp\lang\zh-cn.php
[ info ] [ ROUTE ] array (
  'rule' => 'signin',
  'route' => 'account/signin',
  'option' => 
  array (
    'merge_rule_regex' => false,
    'method' => 'get|post',
  ),
  'var' => 
  array (
  ),
)
[ info ] [ HEADER ] array (
  'accept-encoding' => 'gzip',
  'connection' => 'close',
  'host' => '47.100.102.83:4900',
  'user-agent' => 'Mozilla/5.0 (X11; Ubuntu; Linux x86_64; rv:36.0) Gecko/20100101 Firefox/36.0',
)
[ info ] [ PARAM ] array (
  'from' => 'http://47.100.102.83:4900/account.html',
)
[ info ] [ SESSION ] INIT array (
  'id' => '',
  'var_session_id' => '',
  'prefix' => 'think',
  'type' => '',
  'auto_start' => true,
  'httponly' => true,
  'secure' => false,
  'expire' => 86400,
)
[ info ] [ VIEW ] C:\wwwroot\gec.com\application\index\view\account\signin.html [ array (
  0 => 'platform',
  1 => 'appurl',
) ]
[ info ] [ LOG ] INIT File
---------------------------------------------------------------
[ 2019-09-01T13:25:19+08:00 ] 47.101.203.232 GET /signup.html
[ info ] 47.100.102.83:4900/signup.html [运行时间：0.035818s][吞吐率：27.92req/s] [内存消耗：1,984.36kb] [文件加载：65]
[ info ] [ LANG ] C:\wwwroot\gec.com\thinkphp\lang\zh-cn.php
[ info ] [ ROUTE ] array (
  'rule' => 'signup',
  'route' => 'account/signup',
  'option' => 
  array (
    'merge_rule_regex' => false,
    'method' => 'get|post',
  ),
  'var' => 
  array (
  ),
)
[ info ] [ HEADER ] array (
  'accept-encoding' => 'gzip',
  'connection' => 'close',
  'host' => '47.100.102.83:4900',
  'user-agent' => 'Mozilla/5.0 (X11; Ubuntu; Linux x86_64; rv:36.0) Gecko/20100101 Firefox/36.0',
)
[ info ] [ PARAM ] array (
)
[ info ] [ SESSION ] INIT array (
  'id' => '',
  'var_session_id' => '',
  'prefix' => 'think',
  'type' => '',
  'auto_start' => true,
  'httponly' => true,
  'secure' => false,
  'expire' => 86400,
)
[ info ] [ VIEW ] C:\wwwroot\gec.com\application\index\view\account\signup.html [ array (
  0 => 'platform',
  1 => 'inviter',
) ]
[ info ] [ LOG ] INIT File
---------------------------------------------------------------
[ 2019-09-01T13:25:19+08:00 ] 47.101.203.232 GET /forgot.html
[ info ] 47.100.102.83:4900/forgot.html [运行时间：0.034918s][吞吐率：28.64req/s] [内存消耗：1,903.69kb] [文件加载：63]
[ info ] [ LANG ] C:\wwwroot\gec.com\thinkphp\lang\zh-cn.php
[ info ] [ ROUTE ] array (
  'rule' => 'forgot',
  'route' => 'account/forgot',
  'option' => 
  array (
    'merge_rule_regex' => false,
    'method' => 'get|post',
  ),
  'var' => 
  array (
  ),
)
[ info ] [ HEADER ] array (
  'accept-encoding' => 'gzip',
  'connection' => 'close',
  'host' => '47.100.102.83:4900',
  'user-agent' => 'Mozilla/5.0 (X11; Ubuntu; Linux x86_64; rv:36.0) Gecko/20100101 Firefox/36.0',
)
[ info ] [ PARAM ] array (
)
[ info ] [ SESSION ] INIT array (
  'id' => '',
  'var_session_id' => '',
  'prefix' => 'think',
  'type' => '',
  'auto_start' => true,
  'httponly' => true,
  'secure' => false,
  'expire' => 86400,
)
[ info ] [ VIEW ] C:\wwwroot\gec.com\application\index\view\account\forgot.html [ array (
  0 => 'platform',
) ]
[ info ] [ LOG ] INIT File
---------------------------------------------------------------
[ 2019-09-01T13:25:19+08:00 ] 47.101.203.232 GET /main.html
[ info ] 47.100.102.83:4900/main.html [运行时间：0.031490s][吞吐率：31.76req/s] [内存消耗：1,231.63kb] [文件加载：56]
[ info ] [ LANG ] C:\wwwroot\gec.com\thinkphp\lang\zh-cn.php
[ info ] [ LOG ] INIT File
