---------------------------------------------------------------
[ 2019-09-05T14:20:42+08:00 ] 116.11.143.64 GET /
[ info ] 47.100.102.83:4900/ [运行时间：0.157541s][吞吐率：6.35req/s] [内存消耗：1,600.47kb] [文件加载：63]
[ info ] [ LANG ] C:\wwwroot\gec.com\thinkphp\lang\zh-cn.php
[ info ] [ ROUTE ] array (
  'rule' => '',
  'route' => 'index/index',
  'option' => 
  array (
    'merge_rule_regex' => false,
  ),
  'var' => 
  array (
  ),
)
[ info ] [ HEADER ] array (
  'cookie' => 'PHPSESSID=h293546ii3u097vfm6vt5cqck7; BT_PANEL_6=67a378b4-80bc-42a3-b8ba-e77ec0fb4dd9.ALEVLjrNc17vZxiXxjxMfXaeKIg; request_token=c2676d54f7174c32422c0cbb608c9f35; order=id%20desc; sites_path=C%3A/wwwroot; serverType=apache; ZDEDebuggerPresent=php,phtml,php3; think_language=zh-CN',
  'accept-language' => 'zh-CN,zh;q=0.9',
  'accept-encoding' => 'gzip, deflate',
  'referer' => 'http://47.100.102.83:8888/site',
  'accept' => 'text/html,application/xhtml+xml,application/xml;q=0.9,image/webp,image/apng,*/*;q=0.8',
  'user-agent' => 'Mozilla/5.0 (Windows NT 10.0; WOW64) AppleWebKit/537.36 (KHTML, like Gecko) Chrome/70.0.3538.25 Safari/537.36 Core/1.70.3730.400 QQBrowser/10.5.3805.400',
  'upgrade-insecure-requests' => '1',
  'connection' => 'close',
  'host' => '47.100.102.83:4900',
)
[ info ] [ PARAM ] array (
)
[ info ] [ SESSION ] INIT array (
  'id' => '',
  'var_session_id' => '',
  'prefix' => 'think',
  'type' => '',
  'auto_start' => true,
  'httponly' => true,
  'secure' => false,
  'expire' => 86400,
)
[ info ] [ LOG ] INIT File
---------------------------------------------------------------
[ 2019-09-05T14:20:42+08:00 ] 116.11.143.64 GET /account.html
[ info ] 47.100.102.83:4900/account.html [运行时间：0.033155s][吞吐率：30.16req/s] [内存消耗：1,844.77kb] [文件加载：60]
[ info ] [ LANG ] C:\wwwroot\gec.com\thinkphp\lang\zh-cn.php
[ info ] [ ROUTE ] array (
  'rule' => 'account',
  'route' => 'account/index',
  'option' => 
  array (
    'merge_rule_regex' => false,
    'complete_match' => true,
  ),
  'var' => 
  array (
  ),
)
[ info ] [ HEADER ] array (
  'cookie' => 'PHPSESSID=h293546ii3u097vfm6vt5cqck7; BT_PANEL_6=67a378b4-80bc-42a3-b8ba-e77ec0fb4dd9.ALEVLjrNc17vZxiXxjxMfXaeKIg; request_token=c2676d54f7174c32422c0cbb608c9f35; order=id%20desc; sites_path=C%3A/wwwroot; serverType=apache; ZDEDebuggerPresent=php,phtml,php3; think_language=zh-CN',
  'accept-language' => 'zh-CN,zh;q=0.9',
  'accept-encoding' => 'gzip, deflate',
  'referer' => 'http://47.100.102.83:8888/site',
  'accept' => 'text/html,application/xhtml+xml,application/xml;q=0.9,image/webp,image/apng,*/*;q=0.8',
  'user-agent' => 'Mozilla/5.0 (Windows NT 10.0; WOW64) AppleWebKit/537.36 (KHTML, like Gecko) Chrome/70.0.3538.25 Safari/537.36 Core/1.70.3730.400 QQBrowser/10.5.3805.400',
  'upgrade-insecure-requests' => '1',
  'connection' => 'close',
  'host' => '47.100.102.83:4900',
)
[ info ] [ PARAM ] array (
)
[ info ] [ SESSION ] INIT array (
  'id' => '',
  'var_session_id' => '',
  'prefix' => 'think',
  'type' => '',
  'auto_start' => true,
  'httponly' => true,
  'secure' => false,
  'expire' => 86400,
)
[ info ] [ LOG ] INIT File
---------------------------------------------------------------
[ 2019-09-05T14:20:42+08:00 ] 116.11.143.64 GET /signin.html?from=http%3A%2F%2F47.100.102.83%3A4900%2Faccount.html
[ info ] 47.100.102.83:4900/signin.html?from=http%3A%2F%2F47.100.102.83%3A4900%2Faccount.html [运行时间：0.097235s][吞吐率：10.28req/s] [内存消耗：1,908.52kb] [文件加载：63]
[ info ] [ LANG ] C:\wwwroot\gec.com\thinkphp\lang\zh-cn.php
[ info ] [ ROUTE ] array (
  'rule' => 'signin',
  'route' => 'account/signin',
  'option' => 
  array (
    'merge_rule_regex' => false,
    'method' => 'get|post',
  ),
  'var' => 
  array (
  ),
)
[ info ] [ HEADER ] array (
  'cookie' => 'PHPSESSID=h293546ii3u097vfm6vt5cqck7; BT_PANEL_6=67a378b4-80bc-42a3-b8ba-e77ec0fb4dd9.ALEVLjrNc17vZxiXxjxMfXaeKIg; request_token=c2676d54f7174c32422c0cbb608c9f35; order=id%20desc; sites_path=C%3A/wwwroot; serverType=apache; ZDEDebuggerPresent=php,phtml,php3; think_language=zh-CN',
  'accept-language' => 'zh-CN,zh;q=0.9',
  'accept-encoding' => 'gzip, deflate',
  'referer' => 'http://47.100.102.83:8888/site',
  'accept' => 'text/html,application/xhtml+xml,application/xml;q=0.9,image/webp,image/apng,*/*;q=0.8',
  'user-agent' => 'Mozilla/5.0 (Windows NT 10.0; WOW64) AppleWebKit/537.36 (KHTML, like Gecko) Chrome/70.0.3538.25 Safari/537.36 Core/1.70.3730.400 QQBrowser/10.5.3805.400',
  'upgrade-insecure-requests' => '1',
  'connection' => 'close',
  'host' => '47.100.102.83:4900',
)
[ info ] [ PARAM ] array (
  'from' => 'http://47.100.102.83:4900/account.html',
)
[ info ] [ SESSION ] INIT array (
  'id' => '',
  'var_session_id' => '',
  'prefix' => 'think',
  'type' => '',
  'auto_start' => true,
  'httponly' => true,
  'secure' => false,
  'expire' => 86400,
)
[ info ] [ VIEW ] C:\wwwroot\gec.com\application\index\view\account\signin.html [ array (
  0 => 'platform',
  1 => 'appurl',
) ]
[ info ] [ LOG ] INIT File
---------------------------------------------------------------
[ 2019-09-05T15:37:38+08:00 ] 47.101.129.110 GET /
[ info ] 47.100.102.83:4900/ [运行时间：0.024554s][吞吐率：40.73req/s] [内存消耗：1,597.32kb] [文件加载：63]
[ info ] [ LANG ] C:\wwwroot\gec.com\thinkphp\lang\zh-cn.php
[ info ] [ ROUTE ] array (
  'rule' => '',
  'route' => 'index/index',
  'option' => 
  array (
    'merge_rule_regex' => false,
  ),
  'var' => 
  array (
  ),
)
[ info ] [ HEADER ] array (
  'accept-encoding' => 'gzip',
  'connection' => 'close',
  'host' => '47.100.102.83:4900',
  'user-agent' => 'Mozilla/5.0 (X11; Ubuntu; Linux x86_64; rv:36.0) Gecko/20100101 Firefox/36.0',
)
[ info ] [ PARAM ] array (
)
[ info ] [ SESSION ] INIT array (
  'id' => '',
  'var_session_id' => '',
  'prefix' => 'think',
  'type' => '',
  'auto_start' => true,
  'httponly' => true,
  'secure' => false,
  'expire' => 86400,
)
[ info ] [ LOG ] INIT File
---------------------------------------------------------------
[ 2019-09-05T15:37:38+08:00 ] 47.101.129.110 GET /account.html
[ info ] 47.100.102.83:4900/account.html [运行时间：0.023773s][吞吐率：42.06req/s] [内存消耗：1,841.23kb] [文件加载：60]
[ info ] [ LANG ] C:\wwwroot\gec.com\thinkphp\lang\zh-cn.php
[ info ] [ ROUTE ] array (
  'rule' => 'account',
  'route' => 'account/index',
  'option' => 
  array (
    'merge_rule_regex' => false,
    'complete_match' => true,
  ),
  'var' => 
  array (
  ),
)
[ info ] [ HEADER ] array (
  'accept-encoding' => 'gzip',
  'connection' => 'close',
  'host' => '47.100.102.83:4900',
  'user-agent' => 'Mozilla/5.0 (X11; Ubuntu; Linux x86_64; rv:36.0) Gecko/20100101 Firefox/36.0',
)
[ info ] [ PARAM ] array (
)
[ info ] [ SESSION ] INIT array (
  'id' => '',
  'var_session_id' => '',
  'prefix' => 'think',
  'type' => '',
  'auto_start' => true,
  'httponly' => true,
  'secure' => false,
  'expire' => 86400,
)
[ info ] [ LOG ] INIT File
---------------------------------------------------------------
[ 2019-09-05T15:37:38+08:00 ] 47.101.129.110 GET /signin.html?from=http%3A%2F%2F47.100.102.83%3A4900%2Faccount.html
[ info ] 47.100.102.83:4900/signin.html?from=http%3A%2F%2F47.100.102.83%3A4900%2Faccount.html [运行时间：0.026648s][吞吐率：37.53req/s] [内存消耗：1,904.98kb] [文件加载：63]
[ info ] [ LANG ] C:\wwwroot\gec.com\thinkphp\lang\zh-cn.php
[ info ] [ ROUTE ] array (
  'rule' => 'signin',
  'route' => 'account/signin',
  'option' => 
  array (
    'merge_rule_regex' => false,
    'method' => 'get|post',
  ),
  'var' => 
  array (
  ),
)
[ info ] [ HEADER ] array (
  'accept-encoding' => 'gzip',
  'connection' => 'close',
  'host' => '47.100.102.83:4900',
  'user-agent' => 'Mozilla/5.0 (X11; Ubuntu; Linux x86_64; rv:36.0) Gecko/20100101 Firefox/36.0',
)
[ info ] [ PARAM ] array (
  'from' => 'http://47.100.102.83:4900/account.html',
)
[ info ] [ SESSION ] INIT array (
  'id' => '',
  'var_session_id' => '',
  'prefix' => 'think',
  'type' => '',
  'auto_start' => true,
  'httponly' => true,
  'secure' => false,
  'expire' => 86400,
)
[ info ] [ VIEW ] C:\wwwroot\gec.com\application\index\view\account\signin.html [ array (
  0 => 'platform',
  1 => 'appurl',
) ]
[ info ] [ LOG ] INIT File
---------------------------------------------------------------
[ 2019-09-05T15:37:40+08:00 ] 47.101.129.110 GET /account.html
[ info ] 47.100.102.83:4900/account.html [运行时间：0.037620s][吞吐率：26.58req/s] [内存消耗：1,841.23kb] [文件加载：60]
[ info ] [ LANG ] C:\wwwroot\gec.com\thinkphp\lang\zh-cn.php
[ info ] [ ROUTE ] array (
  'rule' => 'account',
  'route' => 'account/index',
  'option' => 
  array (
    'merge_rule_regex' => false,
    'complete_match' => true,
  ),
  'var' => 
  array (
  ),
)
[ info ] [ HEADER ] array (
  'accept-encoding' => 'gzip',
  'connection' => 'close',
  'host' => '47.100.102.83:4900',
  'user-agent' => 'Mozilla/5.0 (X11; Ubuntu; Linux x86_64; rv:36.0) Gecko/20100101 Firefox/36.0',
)
[ info ] [ PARAM ] array (
)
[ info ] [ SESSION ] INIT array (
  'id' => '',
  'var_session_id' => '',
  'prefix' => 'think',
  'type' => '',
  'auto_start' => true,
  'httponly' => true,
  'secure' => false,
  'expire' => 86400,
)
[ info ] [ LOG ] INIT File
---------------------------------------------------------------
[ 2019-09-05T15:37:40+08:00 ] 47.101.129.110 GET /signin.html?from=http%3A%2F%2F47.100.102.83%3A4900%2Faccount.html
[ info ] 47.100.102.83:4900/signin.html?from=http%3A%2F%2F47.100.102.83%3A4900%2Faccount.html [运行时间：0.040378s][吞吐率：24.77req/s] [内存消耗：1,904.98kb] [文件加载：63]
[ info ] [ LANG ] C:\wwwroot\gec.com\thinkphp\lang\zh-cn.php
[ info ] [ ROUTE ] array (
  'rule' => 'signin',
  'route' => 'account/signin',
  'option' => 
  array (
    'merge_rule_regex' => false,
    'method' => 'get|post',
  ),
  'var' => 
  array (
  ),
)
[ info ] [ HEADER ] array (
  'accept-encoding' => 'gzip',
  'connection' => 'close',
  'host' => '47.100.102.83:4900',
  'user-agent' => 'Mozilla/5.0 (X11; Ubuntu; Linux x86_64; rv:36.0) Gecko/20100101 Firefox/36.0',
)
[ info ] [ PARAM ] array (
  'from' => 'http://47.100.102.83:4900/account.html',
)
[ info ] [ SESSION ] INIT array (
  'id' => '',
  'var_session_id' => '',
  'prefix' => 'think',
  'type' => '',
  'auto_start' => true,
  'httponly' => true,
  'secure' => false,
  'expire' => 86400,
)
[ info ] [ VIEW ] C:\wwwroot\gec.com\application\index\view\account\signin.html [ array (
  0 => 'platform',
  1 => 'appurl',
) ]
[ info ] [ LOG ] INIT File
---------------------------------------------------------------
[ 2019-09-05T15:37:40+08:00 ] 47.101.129.110 GET /signup.html
[ info ] 47.100.102.83:4900/signup.html [运行时间：0.123610s][吞吐率：8.09req/s] [内存消耗：1,984.34kb] [文件加载：65]
[ info ] [ LANG ] C:\wwwroot\gec.com\thinkphp\lang\zh-cn.php
[ info ] [ ROUTE ] array (
  'rule' => 'signup',
  'route' => 'account/signup',
  'option' => 
  array (
    'merge_rule_regex' => false,
    'method' => 'get|post',
  ),
  'var' => 
  array (
  ),
)
[ info ] [ HEADER ] array (
  'accept-encoding' => 'gzip',
  'connection' => 'close',
  'host' => '47.100.102.83:4900',
  'user-agent' => 'Mozilla/5.0 (X11; Ubuntu; Linux x86_64; rv:36.0) Gecko/20100101 Firefox/36.0',
)
[ info ] [ PARAM ] array (
)
[ info ] [ SESSION ] INIT array (
  'id' => '',
  'var_session_id' => '',
  'prefix' => 'think',
  'type' => '',
  'auto_start' => true,
  'httponly' => true,
  'secure' => false,
  'expire' => 86400,
)
[ info ] [ VIEW ] C:\wwwroot\gec.com\application\index\view\account\signup.html [ array (
  0 => 'platform',
  1 => 'inviter',
) ]
[ info ] [ LOG ] INIT File
---------------------------------------------------------------
[ 2019-09-05T15:37:41+08:00 ] 47.101.129.110 GET /main.html
[ info ] 47.100.102.83:4900/main.html [运行时间：0.113980s][吞吐率：8.77req/s] [内存消耗：1,231.53kb] [文件加载：56]
[ info ] [ LANG ] C:\wwwroot\gec.com\thinkphp\lang\zh-cn.php
[ info ] [ LOG ] INIT File
---------------------------------------------------------------
[ 2019-09-05T15:37:41+08:00 ] 47.101.129.110 GET /forgot.html
[ info ] 47.100.102.83:4900/forgot.html [运行时间：0.113027s][吞吐率：8.85req/s] [内存消耗：1,903.72kb] [文件加载：63]
[ info ] [ LANG ] C:\wwwroot\gec.com\thinkphp\lang\zh-cn.php
[ info ] [ ROUTE ] array (
  'rule' => 'forgot',
  'route' => 'account/forgot',
  'option' => 
  array (
    'merge_rule_regex' => false,
    'method' => 'get|post',
  ),
  'var' => 
  array (
  ),
)
[ info ] [ HEADER ] array (
  'accept-encoding' => 'gzip',
  'connection' => 'close',
  'host' => '47.100.102.83:4900',
  'user-agent' => 'Mozilla/5.0 (X11; Ubuntu; Linux x86_64; rv:36.0) Gecko/20100101 Firefox/36.0',
)
[ info ] [ PARAM ] array (
)
[ info ] [ SESSION ] INIT array (
  'id' => '',
  'var_session_id' => '',
  'prefix' => 'think',
  'type' => '',
  'auto_start' => true,
  'httponly' => true,
  'secure' => false,
  'expire' => 86400,
)
[ info ] [ VIEW ] C:\wwwroot\gec.com\application\index\view\account\forgot.html [ array (
  0 => 'platform',
) ]
[ info ] [ LOG ] INIT File
