---------------------------------------------------------------
[ 2019-08-22T11:43:17+08:00 ] 47.101.174.32 GET /
[ info ] 47.100.102.83:4900/ [运行时间：0.077854s][吞吐率：12.84req/s] [内存消耗：1,597.26kb] [文件加载：63]
[ info ] [ LANG ] C:\wwwroot\gec.com\thinkphp\lang\zh-cn.php
[ info ] [ ROUTE ] array (
  'rule' => '',
  'route' => 'index/index',
  'option' => 
  array (
    'merge_rule_regex' => false,
  ),
  'var' => 
  array (
  ),
)
[ info ] [ HEADER ] array (
  'accept-encoding' => 'gzip',
  'connection' => 'close',
  'host' => '47.100.102.83:4900',
  'user-agent' => 'Mozilla/5.0 (X11; Ubuntu; Linux x86_64; rv:36.0) Gecko/20100101 Firefox/36.0',
)
[ info ] [ PARAM ] array (
)
[ info ] [ SESSION ] INIT array (
  'id' => '',
  'var_session_id' => '',
  'prefix' => 'think',
  'type' => '',
  'auto_start' => true,
  'httponly' => true,
  'secure' => false,
  'expire' => 86400,
)
[ info ] [ LOG ] INIT File
---------------------------------------------------------------
[ 2019-08-22T11:43:17+08:00 ] 47.101.174.32 GET /account.html
[ info ] 47.100.102.83:4900/account.html [运行时间：0.065337s][吞吐率：15.31req/s] [内存消耗：1,841.13kb] [文件加载：60]
[ info ] [ LANG ] C:\wwwroot\gec.com\thinkphp\lang\zh-cn.php
[ info ] [ ROUTE ] array (
  'rule' => 'account',
  'route' => 'account/index',
  'option' => 
  array (
    'merge_rule_regex' => false,
    'complete_match' => true,
  ),
  'var' => 
  array (
  ),
)
[ info ] [ HEADER ] array (
  'accept-encoding' => 'gzip',
  'connection' => 'close',
  'host' => '47.100.102.83:4900',
  'user-agent' => 'Mozilla/5.0 (X11; Ubuntu; Linux x86_64; rv:36.0) Gecko/20100101 Firefox/36.0',
)
[ info ] [ PARAM ] array (
)
[ info ] [ SESSION ] INIT array (
  'id' => '',
  'var_session_id' => '',
  'prefix' => 'think',
  'type' => '',
  'auto_start' => true,
  'httponly' => true,
  'secure' => false,
  'expire' => 86400,
)
[ info ] [ LOG ] INIT File
---------------------------------------------------------------
[ 2019-08-22T11:43:17+08:00 ] 47.101.174.32 GET /signin.html?from=http%3A%2F%2F47.100.102.83%3A4900%2Faccount.html
[ info ] 47.100.102.83:4900/signin.html?from=http%3A%2F%2F47.100.102.83%3A4900%2Faccount.html [运行时间：0.030644s][吞吐率：32.63req/s] [内存消耗：1,904.64kb] [文件加载：63]
[ info ] [ LANG ] C:\wwwroot\gec.com\thinkphp\lang\zh-cn.php
[ info ] [ ROUTE ] array (
  'rule' => 'signin',
  'route' => 'account/signin',
  'option' => 
  array (
    'merge_rule_regex' => false,
    'method' => 'get|post',
  ),
  'var' => 
  array (
  ),
)
[ info ] [ HEADER ] array (
  'accept-encoding' => 'gzip',
  'connection' => 'close',
  'host' => '47.100.102.83:4900',
  'user-agent' => 'Mozilla/5.0 (X11; Ubuntu; Linux x86_64; rv:36.0) Gecko/20100101 Firefox/36.0',
)
[ info ] [ PARAM ] array (
  'from' => 'http://47.100.102.83:4900/account.html',
)
[ info ] [ SESSION ] INIT array (
  'id' => '',
  'var_session_id' => '',
  'prefix' => 'think',
  'type' => '',
  'auto_start' => true,
  'httponly' => true,
  'secure' => false,
  'expire' => 86400,
)
[ info ] [ VIEW ] C:\wwwroot\gec.com\application\index\view\account\signin.html [ array (
  0 => 'platform',
  1 => 'appurl',
) ]
[ info ] [ LOG ] INIT File
---------------------------------------------------------------
[ 2019-08-22T11:43:18+08:00 ] 47.101.174.32 GET /account.html
[ info ] 47.100.102.83:4900/account.html [运行时间：0.024828s][吞吐率：40.28req/s] [内存消耗：1,841.13kb] [文件加载：60]
[ info ] [ LANG ] C:\wwwroot\gec.com\thinkphp\lang\zh-cn.php
[ info ] [ ROUTE ] array (
  'rule' => 'account',
  'route' => 'account/index',
  'option' => 
  array (
    'merge_rule_regex' => false,
    'complete_match' => true,
  ),
  'var' => 
  array (
  ),
)
[ info ] [ HEADER ] array (
  'accept-encoding' => 'gzip',
  'connection' => 'close',
  'host' => '47.100.102.83:4900',
  'user-agent' => 'Mozilla/5.0 (X11; Ubuntu; Linux x86_64; rv:36.0) Gecko/20100101 Firefox/36.0',
)
[ info ] [ PARAM ] array (
)
[ info ] [ SESSION ] INIT array (
  'id' => '',
  'var_session_id' => '',
  'prefix' => 'think',
  'type' => '',
  'auto_start' => true,
  'httponly' => true,
  'secure' => false,
  'expire' => 86400,
)
[ info ] [ LOG ] INIT File
---------------------------------------------------------------
[ 2019-08-22T11:43:18+08:00 ] 47.101.174.32 GET /signup.html
[ info ] 47.100.102.83:4900/signup.html [运行时间：0.057788s][吞吐率：17.30req/s] [内存消耗：1,984.36kb] [文件加载：65]
[ info ] [ LANG ] C:\wwwroot\gec.com\thinkphp\lang\zh-cn.php
[ info ] [ ROUTE ] array (
  'rule' => 'signup',
  'route' => 'account/signup',
  'option' => 
  array (
    'merge_rule_regex' => false,
    'method' => 'get|post',
  ),
  'var' => 
  array (
  ),
)
[ info ] [ HEADER ] array (
  'accept-encoding' => 'gzip',
  'connection' => 'close',
  'host' => '47.100.102.83:4900',
  'user-agent' => 'Mozilla/5.0 (X11; Ubuntu; Linux x86_64; rv:36.0) Gecko/20100101 Firefox/36.0',
)
[ info ] [ PARAM ] array (
)
[ info ] [ SESSION ] INIT array (
  'id' => '',
  'var_session_id' => '',
  'prefix' => 'think',
  'type' => '',
  'auto_start' => true,
  'httponly' => true,
  'secure' => false,
  'expire' => 86400,
)
[ info ] [ VIEW ] C:\wwwroot\gec.com\application\index\view\account\signup.html [ array (
  0 => 'platform',
  1 => 'inviter',
) ]
[ info ] [ LOG ] INIT File
---------------------------------------------------------------
[ 2019-08-22T11:43:19+08:00 ] 47.101.174.32 GET /signin.html?from=http%3A%2F%2F47.100.102.83%3A4900%2Faccount.html
[ info ] 47.100.102.83:4900/signin.html?from=http%3A%2F%2F47.100.102.83%3A4900%2Faccount.html [运行时间：0.038977s][吞吐率：25.66req/s] [内存消耗：1,904.64kb] [文件加载：63]
[ info ] [ LANG ] C:\wwwroot\gec.com\thinkphp\lang\zh-cn.php
[ info ] [ ROUTE ] array (
  'rule' => 'signin',
  'route' => 'account/signin',
  'option' => 
  array (
    'merge_rule_regex' => false,
    'method' => 'get|post',
  ),
  'var' => 
  array (
  ),
)
[ info ] [ HEADER ] array (
  'accept-encoding' => 'gzip',
  'connection' => 'close',
  'host' => '47.100.102.83:4900',
  'user-agent' => 'Mozilla/5.0 (X11; Ubuntu; Linux x86_64; rv:36.0) Gecko/20100101 Firefox/36.0',
)
[ info ] [ PARAM ] array (
  'from' => 'http://47.100.102.83:4900/account.html',
)
[ info ] [ SESSION ] INIT array (
  'id' => '',
  'var_session_id' => '',
  'prefix' => 'think',
  'type' => '',
  'auto_start' => true,
  'httponly' => true,
  'secure' => false,
  'expire' => 86400,
)
[ info ] [ VIEW ] C:\wwwroot\gec.com\application\index\view\account\signin.html [ array (
  0 => 'platform',
  1 => 'appurl',
) ]
[ info ] [ LOG ] INIT File
---------------------------------------------------------------
[ 2019-08-22T11:43:19+08:00 ] 47.101.174.32 GET /main.html
[ info ] 47.100.102.83:4900/main.html [运行时间：0.034992s][吞吐率：28.58req/s] [内存消耗：1,231.63kb] [文件加载：56]
[ info ] [ LANG ] C:\wwwroot\gec.com\thinkphp\lang\zh-cn.php
[ info ] [ LOG ] INIT File
---------------------------------------------------------------
[ 2019-08-22T11:43:19+08:00 ] 47.101.174.32 GET /forgot.html
[ info ] 47.100.102.83:4900/forgot.html [运行时间：0.100939s][吞吐率：9.91req/s] [内存消耗：1,903.77kb] [文件加载：63]
[ info ] [ LANG ] C:\wwwroot\gec.com\thinkphp\lang\zh-cn.php
[ info ] [ ROUTE ] array (
  'rule' => 'forgot',
  'route' => 'account/forgot',
  'option' => 
  array (
    'merge_rule_regex' => false,
    'method' => 'get|post',
  ),
  'var' => 
  array (
  ),
)
[ info ] [ HEADER ] array (
  'accept-encoding' => 'gzip',
  'connection' => 'close',
  'host' => '47.100.102.83:4900',
  'user-agent' => 'Mozilla/5.0 (X11; Ubuntu; Linux x86_64; rv:36.0) Gecko/20100101 Firefox/36.0',
)
[ info ] [ PARAM ] array (
)
[ info ] [ SESSION ] INIT array (
  'id' => '',
  'var_session_id' => '',
  'prefix' => 'think',
  'type' => '',
  'auto_start' => true,
  'httponly' => true,
  'secure' => false,
  'expire' => 86400,
)
[ info ] [ VIEW ] C:\wwwroot\gec.com\application\index\view\account\forgot.html [ array (
  0 => 'platform',
) ]
[ info ] [ LOG ] INIT File
---------------------------------------------------------------
[ 2019-08-22T12:11:57+08:00 ] 47.100.64.9 GET /
[ info ] / [运行时间：0.027371s][吞吐率：36.53req/s] [内存消耗：1,596.05kb] [文件加载：63]
[ info ] [ LANG ] C:\wwwroot\gec.com\thinkphp\lang\zh-cn.php
[ info ] [ ROUTE ] array (
  'rule' => '',
  'route' => 'index/index',
  'option' => 
  array (
    'merge_rule_regex' => false,
  ),
  'var' => 
  array (
  ),
)
[ info ] [ HEADER ] array (
  'connection' => 'close',
)
[ info ] [ PARAM ] array (
)
[ info ] [ SESSION ] INIT array (
  'id' => '',
  'var_session_id' => '',
  'prefix' => 'think',
  'type' => '',
  'auto_start' => true,
  'httponly' => true,
  'secure' => false,
  'expire' => 86400,
)
[ info ] [ LOG ] INIT File
